QUARRY LOG HEADER ==========
Mode: simulation
NumQubits: 2
	User time (seconds): 6.06
	System time (seconds): 2.27
	Elapsed (wall clock) time (h:mm:ss or m:ss): 0:03.92
	Maximum resident set size (kbytes): 571768
QUARRY LOG HEADER ==========
Mode: p1
NumQubits: 2
	User time (seconds): 5.03
	System time (seconds): 2.38
	Elapsed (wall clock) time (h:mm:ss or m:ss): 0:05.20
	Maximum resident set size (kbytes): 1586856
QUARRY LOG HEADER ==========
Mode: p2
NumQubits: 2
	User time (seconds): 6.99
	System time (seconds): 2.49
	Elapsed (wall clock) time (h:mm:ss or m:ss): 0:07.15
	Maximum resident set size (kbytes): 1687296
QUARRY LOG HEADER ==========
Mode: esp
NumQubits: 2
	User time (seconds): 3.46
	System time (seconds): 2.08
	Elapsed (wall clock) time (h:mm:ss or m:ss): 0:03.44
	Maximum resident set size (kbytes): 554920
QUARRY LOG HEADER ==========
Mode: simulation
NumQubits: 4
	User time (seconds): 36.49
	System time (seconds): 6.35
	Elapsed (wall clock) time (h:mm:ss or m:ss): 0:20.11
	Maximum resident set size (kbytes): 594636
QUARRY LOG HEADER ==========
Mode: p1
NumQubits: 4
	User time (seconds): 6.72
	System time (seconds): 2.42
	Elapsed (wall clock) time (h:mm:ss or m:ss): 0:06.79
	Maximum resident set size (kbytes): 1593376
QUARRY LOG HEADER ==========
Mode: p2
NumQubits: 4
	User time (seconds): 14.69
	System time (seconds): 2.61
	Elapsed (wall clock) time (h:mm:ss or m:ss): 0:14.99
	Maximum resident set size (kbytes): 1693508
QUARRY LOG HEADER ==========
Mode: esp
NumQubits: 4
	User time (seconds): 15.25
	System time (seconds): 3.84
	Elapsed (wall clock) time (h:mm:ss or m:ss): 0:07.50
	Maximum resident set size (kbytes): 565736
QUARRY LOG HEADER ==========
Mode: simulation
NumQubits: 4
	User time (seconds): 8.52
	System time (seconds): 2.69
	Elapsed (wall clock) time (h:mm:ss or m:ss): 0:04.82
	Maximum resident set size (kbytes): 572776
QUARRY LOG HEADER ==========
Mode: p1
NumQubits: 4
	User time (seconds): 4.88
	System time (seconds): 2.44
	Elapsed (wall clock) time (h:mm:ss or m:ss): 0:05.07
	Maximum resident set size (kbytes): 1588816
QUARRY LOG HEADER ==========
Mode: p2
NumQubits: 4
	User time (seconds): 7.14
	System time (seconds): 2.51
	Elapsed (wall clock) time (h:mm:ss or m:ss): 0:07.34
	Maximum resident set size (kbytes): 1692176
QUARRY LOG HEADER ==========
Mode: esp
NumQubits: 4
	User time (seconds): 4.41
	System time (seconds): 2.28
	Elapsed (wall clock) time (h:mm:ss or m:ss): 0:03.63
	Maximum resident set size (kbytes): 556248
QUARRY LOG HEADER ==========
Mode: simulation
NumQubits: 4
	User time (seconds): 6.91
	System time (seconds): 2.21
	Elapsed (wall clock) time (h:mm:ss or m:ss): 0:04.12
	Maximum resident set size (kbytes): 571488
QUARRY LOG HEADER ==========
Mode: p1
NumQubits: 4
	User time (seconds): 4.97
	System time (seconds): 2.46
	Elapsed (wall clock) time (h:mm:ss or m:ss): 0:05.08
	Maximum resident set size (kbytes): 1590300
QUARRY LOG HEADER ==========
Mode: p2
NumQubits: 4
	User time (seconds): 7.34
	System time (seconds): 2.41
	Elapsed (wall clock) time (h:mm:ss or m:ss): 0:07.42
	Maximum resident set size (kbytes): 1687020
QUARRY LOG HEADER ==========
Mode: esp
NumQubits: 4
	User time (seconds): 3.81
	System time (seconds): 2.23
	Elapsed (wall clock) time (h:mm:ss or m:ss): 0:03.44
	Maximum resident set size (kbytes): 555536
QUARRY LOG HEADER ==========
Mode: simulation
NumQubits: 5
	User time (seconds): 6.77
	System time (seconds): 2.34
	Elapsed (wall clock) time (h:mm:ss or m:ss): 0:04.18
	Maximum resident set size (kbytes): 571488
QUARRY LOG HEADER ==========
Mode: p1
NumQubits: 5
	User time (seconds): 5.03
	System time (seconds): 2.40
	Elapsed (wall clock) time (h:mm:ss or m:ss): 0:05.12
	Maximum resident set size (kbytes): 1585136
QUARRY LOG HEADER ==========
Mode: p2
NumQubits: 5
	User time (seconds): 7.10
	System time (seconds): 2.54
	Elapsed (wall clock) time (h:mm:ss or m:ss): 0:07.29
	Maximum resident set size (kbytes): 1690948
QUARRY LOG HEADER ==========
Mode: esp
NumQubits: 5
	User time (seconds): 3.79
	System time (seconds): 2.18
	Elapsed (wall clock) time (h:mm:ss or m:ss): 0:03.42
	Maximum resident set size (kbytes): 555096
QUARRY LOG HEADER ==========
Mode: simulation
NumQubits: 2
	User time (seconds): 6.11
	System time (seconds): 2.22
	Elapsed (wall clock) time (h:mm:ss or m:ss): 0:03.86
	Maximum resident set size (kbytes): 570448
QUARRY LOG HEADER ==========
Mode: p1
NumQubits: 2
	User time (seconds): 4.96
	System time (seconds): 2.46
	Elapsed (wall clock) time (h:mm:ss or m:ss): 0:05.11
	Maximum resident set size (kbytes): 1587588
QUARRY LOG HEADER ==========
Mode: p2
NumQubits: 2
	User time (seconds): 7.08
	System time (seconds): 2.45
	Elapsed (wall clock) time (h:mm:ss or m:ss): 0:07.24
	Maximum resident set size (kbytes): 1686928
QUARRY LOG HEADER ==========
Mode: esp
NumQubits: 2
	User time (seconds): 3.65
	System time (seconds): 2.07
	Elapsed (wall clock) time (h:mm:ss or m:ss): 0:03.45
	Maximum resident set size (kbytes): 554488
QUARRY LOG HEADER ==========
Mode: simulation
NumQubits: 3
	User time (seconds): 6.49
	System time (seconds): 2.29
	Elapsed (wall clock) time (h:mm:ss or m:ss): 0:04.00
	Maximum resident set size (kbytes): 571180
QUARRY LOG HEADER ==========
Mode: p1
NumQubits: 3
	User time (seconds): 5.03
	System time (seconds): 2.49
	Elapsed (wall clock) time (h:mm:ss or m:ss): 0:05.18
	Maximum resident set size (kbytes): 1585728
QUARRY LOG HEADER ==========
Mode: p2
NumQubits: 3
	User time (seconds): 7.22
	System time (seconds): 2.41
	Elapsed (wall clock) time (h:mm:ss or m:ss): 0:07.32
	Maximum resident set size (kbytes): 1685536
QUARRY LOG HEADER ==========
Mode: esp
NumQubits: 3
	User time (seconds): 3.68
	System time (seconds): 2.26
	Elapsed (wall clock) time (h:mm:ss or m:ss): 0:03.48
	Maximum resident set size (kbytes): 556028
QUARRY LOG HEADER ==========
Mode: simulation
NumQubits: 4
	User time (seconds): 7.06
	System time (seconds): 2.34
	Elapsed (wall clock) time (h:mm:ss or m:ss): 0:04.06
	Maximum resident set size (kbytes): 569752
QUARRY LOG HEADER ==========
Mode: p1
NumQubits: 4
	User time (seconds): 5.04
	System time (seconds): 2.45
	Elapsed (wall clock) time (h:mm:ss or m:ss): 0:05.15
	Maximum resident set size (kbytes): 1589352
QUARRY LOG HEADER ==========
Mode: p2
NumQubits: 4
	User time (seconds): 7.04
	System time (seconds): 2.46
	Elapsed (wall clock) time (h:mm:ss or m:ss): 0:07.25
	Maximum resident set size (kbytes): 1687504
QUARRY LOG HEADER ==========
Mode: esp
NumQubits: 4
	User time (seconds): 3.87
	System time (seconds): 2.32
	Elapsed (wall clock) time (h:mm:ss or m:ss): 0:03.42
	Maximum resident set size (kbytes): 556088
QUARRY LOG HEADER ==========
Mode: simulation
NumQubits: 3
	User time (seconds): 6.28
	System time (seconds): 2.20
	Elapsed (wall clock) time (h:mm:ss or m:ss): 0:04.00
	Maximum resident set size (kbytes): 571292
QUARRY LOG HEADER ==========
Mode: p1
NumQubits: 3
	User time (seconds): 5.04
	System time (seconds): 2.49
	Elapsed (wall clock) time (h:mm:ss or m:ss): 0:05.19
	Maximum resident set size (kbytes): 1585584
QUARRY LOG HEADER ==========
Mode: p2
NumQubits: 3
	User time (seconds): 7.21
	System time (seconds): 2.45
	Elapsed (wall clock) time (h:mm:ss or m:ss): 0:07.36
	Maximum resident set size (kbytes): 1685660
QUARRY LOG HEADER ==========
Mode: esp
NumQubits: 3
	User time (seconds): 3.60
	System time (seconds): 2.14
	Elapsed (wall clock) time (h:mm:ss or m:ss): 0:03.46
	Maximum resident set size (kbytes): 554716
QUARRY LOG HEADER ==========
Mode: simulation
NumQubits: 4
	User time (seconds): 6.54
	System time (seconds): 2.37
	Elapsed (wall clock) time (h:mm:ss or m:ss): 0:04.15
	Maximum resident set size (kbytes): 570588
QUARRY LOG HEADER ==========
Mode: p1
NumQubits: 4
	User time (seconds): 5.05
	System time (seconds): 2.46
	Elapsed (wall clock) time (h:mm:ss or m:ss): 0:05.20
	Maximum resident set size (kbytes): 1590852
QUARRY LOG HEADER ==========
Mode: p2
NumQubits: 4
	User time (seconds): 6.89
	System time (seconds): 1.95
	Elapsed (wall clock) time (h:mm:ss or m:ss): 0:07.18
	Maximum resident set size (kbytes): 1683940
QUARRY LOG HEADER ==========
Mode: esp
NumQubits: 4
	User time (seconds): 3.53
	System time (seconds): 1.74
	Elapsed (wall clock) time (h:mm:ss or m:ss): 0:03.38
	Maximum resident set size (kbytes): 555104
QUARRY LOG HEADER ==========
Mode: simulation
NumQubits: 2
	User time (seconds): 6.01
	System time (seconds): 2.23
	Elapsed (wall clock) time (h:mm:ss or m:ss): 0:03.89
	Maximum resident set size (kbytes): 571328
QUARRY LOG HEADER ==========
Mode: p1
NumQubits: 2
	User time (seconds): 5.09
	System time (seconds): 2.33
	Elapsed (wall clock) time (h:mm:ss or m:ss): 0:05.21
	Maximum resident set size (kbytes): 1585592
QUARRY LOG HEADER ==========
Mode: p2
NumQubits: 2
	User time (seconds): 6.97
	System time (seconds): 2.44
	Elapsed (wall clock) time (h:mm:ss or m:ss): 0:07.07
	Maximum resident set size (kbytes): 1686004
QUARRY LOG HEADER ==========
Mode: esp
NumQubits: 2
	User time (seconds): 3.44
	System time (seconds): 2.19
	Elapsed (wall clock) time (h:mm:ss or m:ss): 0:03.31
	Maximum resident set size (kbytes): 554280
QUARRY LOG HEADER ==========
Mode: simulation
NumQubits: 4
	User time (seconds): 6.22
	System time (seconds): 2.25
	Elapsed (wall clock) time (h:mm:ss or m:ss): 0:03.89
	Maximum resident set size (kbytes): 570668
QUARRY LOG HEADER ==========
Mode: p1
NumQubits: 4
	User time (seconds): 4.98
	System time (seconds): 2.45
	Elapsed (wall clock) time (h:mm:ss or m:ss): 0:05.08
	Maximum resident set size (kbytes): 1587012
QUARRY LOG HEADER ==========
Mode: p2
NumQubits: 4
	User time (seconds): 7.17
	System time (seconds): 2.38
	Elapsed (wall clock) time (h:mm:ss or m:ss): 0:07.33
	Maximum resident set size (kbytes): 1686656
QUARRY LOG HEADER ==========
Mode: esp
NumQubits: 4
	User time (seconds): 3.48
	System time (seconds): 2.29
	Elapsed (wall clock) time (h:mm:ss or m:ss): 0:03.41
	Maximum resident set size (kbytes): 556048
QUARRY LOG HEADER ==========
Mode: simulation
NumQubits: 5
	User time (seconds): 15.81
	System time (seconds): 3.95
	Elapsed (wall clock) time (h:mm:ss or m:ss): 0:04.58
	Maximum resident set size (kbytes): 573128
QUARRY LOG HEADER ==========
Mode: p1
NumQubits: 5
	User time (seconds): 5.02
	System time (seconds): 2.41
	Elapsed (wall clock) time (h:mm:ss or m:ss): 0:05.09
	Maximum resident set size (kbytes): 1590684
QUARRY LOG HEADER ==========
Mode: p2
NumQubits: 5
	User time (seconds): 7.43
	System time (seconds): 2.41
	Elapsed (wall clock) time (h:mm:ss or m:ss): 0:07.58
	Maximum resident set size (kbytes): 1689284
QUARRY LOG HEADER ==========
Mode: esp
NumQubits: 5
	User time (seconds): 4.42
	System time (seconds): 2.17
	Elapsed (wall clock) time (h:mm:ss or m:ss): 0:03.63
	Maximum resident set size (kbytes): 555888
QUARRY LOG HEADER ==========
Mode: simulation
NumQubits: 4
	User time (seconds): 6.64
	System time (seconds): 2.40
	Elapsed (wall clock) time (h:mm:ss or m:ss): 0:04.09
	Maximum resident set size (kbytes): 572224
QUARRY LOG HEADER ==========
Mode: p1
NumQubits: 4
	User time (seconds): 4.83
	System time (seconds): 2.51
	Elapsed (wall clock) time (h:mm:ss or m:ss): 0:05.01
	Maximum resident set size (kbytes): 1589248
QUARRY LOG HEADER ==========
Mode: p2
NumQubits: 4
	User time (seconds): 7.20
	System time (seconds): 2.46
	Elapsed (wall clock) time (h:mm:ss or m:ss): 0:07.36
	Maximum resident set size (kbytes): 1693564
QUARRY LOG HEADER ==========
Mode: esp
NumQubits: 4
	User time (seconds): 3.71
	System time (seconds): 2.16
	Elapsed (wall clock) time (h:mm:ss or m:ss): 0:03.35
	Maximum resident set size (kbytes): 556228
QUARRY LOG HEADER ==========
Mode: simulation
NumQubits: 3
	User time (seconds): 6.05
	System time (seconds): 2.20
	Elapsed (wall clock) time (h:mm:ss or m:ss): 0:03.79
	Maximum resident set size (kbytes): 571292
QUARRY LOG HEADER ==========
Mode: p1
NumQubits: 3
	User time (seconds): 4.97
	System time (seconds): 2.46
	Elapsed (wall clock) time (h:mm:ss or m:ss): 0:05.10
	Maximum resident set size (kbytes): 1587688
QUARRY LOG HEADER ==========
Mode: p2
NumQubits: 3
	User time (seconds): 7.00
	System time (seconds): 2.51
	Elapsed (wall clock) time (h:mm:ss or m:ss): 0:07.15
	Maximum resident set size (kbytes): 1686356
QUARRY LOG HEADER ==========
Mode: esp
NumQubits: 3
	User time (seconds): 3.59
	System time (seconds): 2.07
	Elapsed (wall clock) time (h:mm:ss or m:ss): 0:03.33
	Maximum resident set size (kbytes): 554944
QUARRY LOG HEADER ==========
Mode: simulation
NumQubits: 5
	User time (seconds): 6.34
	System time (seconds): 2.26
	Elapsed (wall clock) time (h:mm:ss or m:ss): 0:03.99
	Maximum resident set size (kbytes): 571000
QUARRY LOG HEADER ==========
Mode: p1
NumQubits: 5
	User time (seconds): 4.86
	System time (seconds): 2.48
	Elapsed (wall clock) time (h:mm:ss or m:ss): 0:04.99
	Maximum resident set size (kbytes): 1587536
QUARRY LOG HEADER ==========
Mode: p2
NumQubits: 5
	User time (seconds): 6.98
	System time (seconds): 2.51
	Elapsed (wall clock) time (h:mm:ss or m:ss): 0:07.15
	Maximum resident set size (kbytes): 1687260
QUARRY LOG HEADER ==========
Mode: esp
NumQubits: 5
	User time (seconds): 3.61
	System time (seconds): 2.16
	Elapsed (wall clock) time (h:mm:ss or m:ss): 0:03.36
	Maximum resident set size (kbytes): 555704
QUARRY LOG HEADER ==========
Mode: simulation
NumQubits: 4
	User time (seconds): 10.05
	System time (seconds): 2.53
	Elapsed (wall clock) time (h:mm:ss or m:ss): 0:03.86
	Maximum resident set size (kbytes): 571716
QUARRY LOG HEADER ==========
Mode: p1
NumQubits: 4
	User time (seconds): 4.96
	System time (seconds): 2.41
	Elapsed (wall clock) time (h:mm:ss or m:ss): 0:05.03
	Maximum resident set size (kbytes): 1586020
QUARRY LOG HEADER ==========
Mode: p2
NumQubits: 4
	User time (seconds): 6.90
	System time (seconds): 2.63
	Elapsed (wall clock) time (h:mm:ss or m:ss): 0:07.19
	Maximum resident set size (kbytes): 1690704
QUARRY LOG HEADER ==========
Mode: esp
NumQubits: 4
	User time (seconds): 3.51
	System time (seconds): 2.19
	Elapsed (wall clock) time (h:mm:ss or m:ss): 0:03.38
	Maximum resident set size (kbytes): 554924
QUARRY LOG HEADER ==========
Mode: simulation
NumQubits: 3
	User time (seconds): 6.33
	System time (seconds): 2.33
	Elapsed (wall clock) time (h:mm:ss or m:ss): 0:03.92
	Maximum resident set size (kbytes): 570124
QUARRY LOG HEADER ==========
Mode: p1
NumQubits: 3
	User time (seconds): 4.86
	System time (seconds): 2.38
	Elapsed (wall clock) time (h:mm:ss or m:ss): 0:04.91
	Maximum resident set size (kbytes): 1590276
QUARRY LOG HEADER ==========
Mode: p2
NumQubits: 3
	User time (seconds): 7.05
	System time (seconds): 2.60
	Elapsed (wall clock) time (h:mm:ss or m:ss): 0:07.31
	Maximum resident set size (kbytes): 1687044
QUARRY LOG HEADER ==========
Mode: esp
NumQubits: 3
	User time (seconds): 3.73
	System time (seconds): 2.17
	Elapsed (wall clock) time (h:mm:ss or m:ss): 0:03.44
	Maximum resident set size (kbytes): 555780
QUARRY LOG HEADER ==========
Mode: simulation
NumQubits: 3
	User time (seconds): 6.31
	System time (seconds): 2.22
	Elapsed (wall clock) time (h:mm:ss or m:ss): 0:04.03
	Maximum resident set size (kbytes): 571092
QUARRY LOG HEADER ==========
Mode: p1
NumQubits: 3
	User time (seconds): 4.93
	System time (seconds): 2.44
	Elapsed (wall clock) time (h:mm:ss or m:ss): 0:05.08
	Maximum resident set size (kbytes): 1586516
QUARRY LOG HEADER ==========
Mode: p2
NumQubits: 3
	User time (seconds): 7.42
	System time (seconds): 2.44
	Elapsed (wall clock) time (h:mm:ss or m:ss): 0:07.54
	Maximum resident set size (kbytes): 1684616
QUARRY LOG HEADER ==========
Mode: esp
NumQubits: 3
	User time (seconds): 3.55
	System time (seconds): 2.11
	Elapsed (wall clock) time (h:mm:ss or m:ss): 0:03.39
	Maximum resident set size (kbytes): 555264
QUARRY LOG HEADER ==========
Mode: simulation
NumQubits: 4
	User time (seconds): 6.23
	System time (seconds): 2.15
	Elapsed (wall clock) time (h:mm:ss or m:ss): 0:03.92
	Maximum resident set size (kbytes): 570472
QUARRY LOG HEADER ==========
Mode: p1
NumQubits: 4
	User time (seconds): 4.77
	System time (seconds): 2.47
	Elapsed (wall clock) time (h:mm:ss or m:ss): 0:04.96
	Maximum resident set size (kbytes): 1588712
QUARRY LOG HEADER ==========
Mode: p2
NumQubits: 4
	User time (seconds): 7.01
	System time (seconds): 2.56
	Elapsed (wall clock) time (h:mm:ss or m:ss): 0:07.26
	Maximum resident set size (kbytes): 1689056
QUARRY LOG HEADER ==========
Mode: esp
NumQubits: 4
	User time (seconds): 3.58
	System time (seconds): 2.09
	Elapsed (wall clock) time (h:mm:ss or m:ss): 0:03.36
	Maximum resident set size (kbytes): 554864
QUARRY LOG HEADER ==========
Mode: simulation
NumQubits: 5
	User time (seconds): 10.83
	System time (seconds): 2.75
	Elapsed (wall clock) time (h:mm:ss or m:ss): 0:03.95
	Maximum resident set size (kbytes): 572948
QUARRY LOG HEADER ==========
Mode: p1
NumQubits: 5
	User time (seconds): 4.79
	System time (seconds): 2.40
	Elapsed (wall clock) time (h:mm:ss or m:ss): 0:04.87
	Maximum resident set size (kbytes): 1590416
QUARRY LOG HEADER ==========
Mode: p2
NumQubits: 5
	User time (seconds): 6.76
	System time (seconds): 2.58
	Elapsed (wall clock) time (h:mm:ss or m:ss): 0:07.01
	Maximum resident set size (kbytes): 1661588
QUARRY LOG HEADER ==========
Mode: esp
NumQubits: 5
	User time (seconds): 3.73
	System time (seconds): 2.16
	Elapsed (wall clock) time (h:mm:ss or m:ss): 0:03.40
	Maximum resident set size (kbytes): 555724
QUARRY LOG HEADER ==========
Mode: simulation
NumQubits: 3
	User time (seconds): 6.41
	System time (seconds): 2.22
	Elapsed (wall clock) time (h:mm:ss or m:ss): 0:04.02
	Maximum resident set size (kbytes): 570784
QUARRY LOG HEADER ==========
Mode: p1
NumQubits: 3
	User time (seconds): 4.99
	System time (seconds): 2.40
	Elapsed (wall clock) time (h:mm:ss or m:ss): 0:05.04
	Maximum resident set size (kbytes): 1587480
QUARRY LOG HEADER ==========
Mode: p2
NumQubits: 3
	User time (seconds): 6.92
	System time (seconds): 2.45
	Elapsed (wall clock) time (h:mm:ss or m:ss): 0:07.04
	Maximum resident set size (kbytes): 1685164
QUARRY LOG HEADER ==========
Mode: esp
NumQubits: 3
	User time (seconds): 3.62
	System time (seconds): 2.21
	Elapsed (wall clock) time (h:mm:ss or m:ss): 0:03.37
	Maximum resident set size (kbytes): 555908
QUARRY LOG HEADER ==========
Mode: simulation
NumQubits: 2
	User time (seconds): 6.28
	System time (seconds): 2.07
	Elapsed (wall clock) time (h:mm:ss or m:ss): 0:03.84
	Maximum resident set size (kbytes): 570256
QUARRY LOG HEADER ==========
Mode: p1
NumQubits: 2
	User time (seconds): 4.85
	System time (seconds): 2.45
	Elapsed (wall clock) time (h:mm:ss or m:ss): 0:04.98
	Maximum resident set size (kbytes): 1590036
QUARRY LOG HEADER ==========
Mode: p2
NumQubits: 2
	User time (seconds): 6.97
	System time (seconds): 2.54
	Elapsed (wall clock) time (h:mm:ss or m:ss): 0:07.18
	Maximum resident set size (kbytes): 1689088
QUARRY LOG HEADER ==========
Mode: esp
NumQubits: 2
	User time (seconds): 3.51
	System time (seconds): 2.13
	Elapsed (wall clock) time (h:mm:ss or m:ss): 0:03.35
	Maximum resident set size (kbytes): 555296
QUARRY LOG HEADER ==========
Mode: simulation
NumQubits: 2
	User time (seconds): 7.74
	System time (seconds): 2.29
	Elapsed (wall clock) time (h:mm:ss or m:ss): 0:05.59
	Maximum resident set size (kbytes): 573640
QUARRY LOG HEADER ==========
Mode: p1
NumQubits: 2
	User time (seconds): 5.61
	System time (seconds): 2.40
	Elapsed (wall clock) time (h:mm:ss or m:ss): 0:05.69
	Maximum resident set size (kbytes): 1589476
QUARRY LOG HEADER ==========
Mode: p2
NumQubits: 2
	User time (seconds): 8.50
	System time (seconds): 2.62
	Elapsed (wall clock) time (h:mm:ss or m:ss): 0:08.83
	Maximum resident set size (kbytes): 1687992
QUARRY LOG HEADER ==========
Mode: esp
NumQubits: 2
	User time (seconds): 3.85
	System time (seconds): 2.22
	Elapsed (wall clock) time (h:mm:ss or m:ss): 0:03.78
	Maximum resident set size (kbytes): 555744
QUARRY LOG HEADER ==========
Mode: simulation
NumQubits: 4
	User time (seconds): 6.99
	System time (seconds): 2.23
	Elapsed (wall clock) time (h:mm:ss or m:ss): 0:04.28
	Maximum resident set size (kbytes): 572052
QUARRY LOG HEADER ==========
Mode: p1
NumQubits: 4
	User time (seconds): 4.89
	System time (seconds): 2.54
	Elapsed (wall clock) time (h:mm:ss or m:ss): 0:05.16
	Maximum resident set size (kbytes): 1589880
QUARRY LOG HEADER ==========
Mode: p2
NumQubits: 4
	User time (seconds): 7.22
	System time (seconds): 2.52
	Elapsed (wall clock) time (h:mm:ss or m:ss): 0:07.47
	Maximum resident set size (kbytes): 1685428
QUARRY LOG HEADER ==========
Mode: esp
NumQubits: 4
	User time (seconds): 3.78
	System time (seconds): 2.10
	Elapsed (wall clock) time (h:mm:ss or m:ss): 0:03.51
	Maximum resident set size (kbytes): 555956
QUARRY LOG HEADER ==========
Mode: simulation
NumQubits: 3
	User time (seconds): 6.50
	System time (seconds): 2.28
	Elapsed (wall clock) time (h:mm:ss or m:ss): 0:04.10
	Maximum resident set size (kbytes): 571892
QUARRY LOG HEADER ==========
Mode: p1
NumQubits: 3
	User time (seconds): 4.97
	System time (seconds): 2.44
	Elapsed (wall clock) time (h:mm:ss or m:ss): 0:05.08
	Maximum resident set size (kbytes): 1590524
QUARRY LOG HEADER ==========
Mode: p2
NumQubits: 3
	User time (seconds): 7.05
	System time (seconds): 2.58
	Elapsed (wall clock) time (h:mm:ss or m:ss): 0:07.32
	Maximum resident set size (kbytes): 1692256
QUARRY LOG HEADER ==========
Mode: esp
NumQubits: 3
	User time (seconds): 3.70
	System time (seconds): 2.16
	Elapsed (wall clock) time (h:mm:ss or m:ss): 0:03.42
	Maximum resident set size (kbytes): 555640
QUARRY LOG HEADER ==========
Mode: simulation
NumQubits: 5
	User time (seconds): 8.45
	System time (seconds): 2.43
	Elapsed (wall clock) time (h:mm:ss or m:ss): 0:05.30
	Maximum resident set size (kbytes): 574304
QUARRY LOG HEADER ==========
Mode: p1
NumQubits: 5
	User time (seconds): 4.99
	System time (seconds): 2.37
	Elapsed (wall clock) time (h:mm:ss or m:ss): 0:05.09
	Maximum resident set size (kbytes): 1586772
QUARRY LOG HEADER ==========
Mode: p2
NumQubits: 5
	User time (seconds): 7.28
	System time (seconds): 2.53
	Elapsed (wall clock) time (h:mm:ss or m:ss): 0:07.51
	Maximum resident set size (kbytes): 1688340
QUARRY LOG HEADER ==========
Mode: esp
NumQubits: 5
	User time (seconds): 4.13
	System time (seconds): 2.24
	Elapsed (wall clock) time (h:mm:ss or m:ss): 0:03.69
	Maximum resident set size (kbytes): 556200
